execve("./hello", ["./hello"], 0x7ffdb4dd04e8 /* 73 vars */) = 0 <0.000851>
brk(NULL)                               = 0x56385e455000 <0.000040>
access("/etc/ld.so.nohwcap", F_OK)      = -1 ENOENT (No such file or directory) <0.000058>
access("/etc/ld.so.preload", R_OK)      = -1 ENOENT (No such file or directory) <0.000052>
openat(AT_FDCWD, "/etc/ld.so.cache", O_RDONLY|O_CLOEXEC) = 3 <0.000056>
fstat(3, {st_mode=S_IFREG|0644, st_size=131621, ...}) = 0 <0.000040>
mmap(NULL, 131621, PROT_READ, MAP_PRIVATE, 3, 0) = 0x7fc67b9ae000 <0.000047>
close(3)                                = 0 <0.000036>
access("/etc/ld.so.nohwcap", F_OK)      = -1 ENOENT (No such file or directory) <0.000045>
openat(AT_FDCWD, "/lib/x86_64-linux-gnu/libc.so.6", O_RDONLY|O_CLOEXEC) = 3 <0.000069>
read(3, "\177ELF\2\1\1\3\0\0\0\0\0\0\0\0\3\0>\0\1\0\0\0\260\34\2\0\0\0\0\0"..., 832) = 832 <0.000041>
fstat(3, {st_mode=S_IFREG|0755, st_size=2030544, ...}) = 0 <0.000039>
mmap(NULL, 8192, PROT_READ|PROT_WRITE, MAP_PRIVATE|MAP_ANONYMOUS, -1, 0) = 0x7fc67b9ac000 <0.000046>
mmap(NULL, 4131552, PROT_READ|PROT_EXEC, MAP_PRIVATE|MAP_DENYWRITE, 3, 0) = 0x7fc67b3b7000 <0.000056>
mprotect(0x7fc67b59e000, 2097152, PROT_NONE) = 0 <0.000070>
mmap(0x7fc67b79e000, 24576, PROT_READ|PROT_WRITE, MAP_PRIVATE|MAP_FIXED|MAP_DENYWRITE, 3, 0x1e7000) = 0x7fc67b79e000 <0.000067>
mmap(0x7fc67b7a4000, 15072, PROT_READ|PROT_WRITE, MAP_PRIVATE|MAP_FIXED|MAP_ANONYMOUS, -1, 0) = 0x7fc67b7a4000 <0.000052>
close(3)                                = 0 <0.000037>
arch_prctl(ARCH_SET_FS, 0x7fc67b9ad4c0) = 0 <0.000037>
mprotect(0x7fc67b79e000, 16384, PROT_READ) = 0 <0.000106>
mprotect(0x56385d31f000, 4096, PROT_READ) = 0 <0.000083>
mprotect(0x7fc67b9cf000, 4096, PROT_READ) = 0 <0.000595>
munmap(0x7fc67b9ae000, 131621)          = 0 <0.000200>
fstat(1, {st_mode=S_IFCHR|0620, st_rdev=makedev(136, 0), ...}) = 0 <0.000056>
brk(NULL)                               = 0x56385e455000 <0.000129>
brk(0x56385e476000)                     = 0x56385e476000 <0.000141>
write(1, "hello world\n", 12)           = 12 <0.000143>
exit_group(0)                           = ?
+++ exited with 0 +++
